2025-11-24 23:46:29,694 - Worker ThreadPoolExecutor-0_1 - ERROR - Worker 2 failed to query '"Arthur J. Gallagher & Co." AND language:en': HTTPSConnectionPool(host='search.mediacloud.org', port=443): Read timed out. (read timeout=60)
Traceback (most recent call last):
  File "/Users/Shivansh/Downloads/stma/project/pipelines/.venv/lib/python3.12/site-packages/urllib3/connectionpool.py", line 534, in _make_request
    response = conn.getresponse()
               ^^^^^^^^^^^^^^^^^^
  File "/Users/Shivansh/Downloads/stma/project/pipelines/.venv/lib/python3.12/site-packages/urllib3/connection.py", line 565, in getresponse
    httplib_response = super().getresponse()
                       ^^^^^^^^^^^^^^^^^^^^^
  File "/Users/Shivansh/.pyenv/versions/3.12.12/lib/python3.12/http/client.py", line 1430, in getresponse
    response.begin()
  File "/Users/Shivansh/.pyenv/versions/3.12.12/lib/python3.12/http/client.py", line 331, in begin
    version, status, reason = self._read_status()
                              ^^^^^^^^^^^^^^^^^^^
  File "/Users/Shivansh/.pyenv/versions/3.12.12/lib/python3.12/http/client.py", line 292, in _read_status
    line = str(self.fp.readline(_MAXLINE + 1), "iso-8859-1")
               ^^^^^^^^^^^^^^^^^^^^^^^^^^^^^^
  File "/Users/Shivansh/.pyenv/versions/3.12.12/lib/python3.12/socket.py", line 720, in readinto
    return self._sock.recv_into(b)
           ^^^^^^^^^^^^^^^^^^^^^^^
  File "/Users/Shivansh/.pyenv/versions/3.12.12/lib/python3.12/ssl.py", line 1251, in recv_into
    return self.read(nbytes, buffer)
           ^^^^^^^^^^^^^^^^^^^^^^^^^
  File "/Users/Shivansh/.pyenv/versions/3.12.12/lib/python3.12/ssl.py", line 1103, in read
    return self._sslobj.read(len, buffer)
           ^^^^^^^^^^^^^^^^^^^^^^^^^^^^^^
TimeoutError: The read operation timed out

The above exception was the direct cause of the following exception:

Traceback (most recent call last):
  File "/Users/Shivansh/Downloads/stma/project/pipelines/.venv/lib/python3.12/site-packages/requests/adapters.py", line 644, in send
    resp = conn.urlopen(
           ^^^^^^^^^^^^^
  File "/Users/Shivansh/Downloads/stma/project/pipelines/.venv/lib/python3.12/site-packages/urllib3/connectionpool.py", line 841, in urlopen
    retries = retries.increment(
              ^^^^^^^^^^^^^^^^^^
  File "/Users/Shivansh/Downloads/stma/project/pipelines/.venv/lib/python3.12/site-packages/urllib3/util/retry.py", line 474, in increment
    raise reraise(type(error), error, _stacktrace)
          ^^^^^^^^^^^^^^^^^^^^^^^^^^^^^^^^^^^^^^^^
  File "/Users/Shivansh/Downloads/stma/project/pipelines/.venv/lib/python3.12/site-packages/urllib3/util/util.py", line 39, in reraise
    raise value
  File "/Users/Shivansh/Downloads/stma/project/pipelines/.venv/lib/python3.12/site-packages/urllib3/connectionpool.py", line 787, in urlopen
    response = self._make_request(
               ^^^^^^^^^^^^^^^^^^^
  File "/Users/Shivansh/Downloads/stma/project/pipelines/.venv/lib/python3.12/site-packages/urllib3/connectionpool.py", line 536, in _make_request
    self._raise_timeout(err=e, url=url, timeout_value=read_timeout)
  File "/Users/Shivansh/Downloads/stma/project/pipelines/.venv/lib/python3.12/site-packages/urllib3/connectionpool.py", line 367, in _raise_timeout
    raise ReadTimeoutError(
urllib3.exceptions.ReadTimeoutError: HTTPSConnectionPool(host='search.mediacloud.org', port=443): Read timed out. (read timeout=60)

During handling of the above exception, another exception occurred:

Traceback (most recent call last):
  File "/Users/Shivansh/Downloads/stma/project/pipelines/sp500_media_pipeline.py", line 120, in query_media_cloud
    page, pagination_token = search_api.story_list(
                             ^^^^^^^^^^^^^^^^^^^^^^
  File "/Users/Shivansh/Downloads/stma/project/pipelines/.venv/lib/python3.12/site-packages/mediacloud/api.py", line 189, in story_list
    results = self._query('search/story-list', params)
              ^^^^^^^^^^^^^^^^^^^^^^^^^^^^^^^^^^^^^^^^
  File "/Users/Shivansh/Downloads/stma/project/pipelines/.venv/lib/python3.12/site-packages/mediacloud/api.py", line 60, in _query
    r = self._session.get(endpoint_url, params=params, timeout=self.TIMEOUT_SECS)
        ^^^^^^^^^^^^^^^^^^^^^^^^^^^^^^^^^^^^^^^^^^^^^^^^^^^^^^^^^^^^^^^^^^^^^^^^^
  File "/Users/Shivansh/Downloads/stma/project/pipelines/.venv/lib/python3.12/site-packages/requests/sessions.py", line 602, in get
    return self.request("GET", url, **kwargs)
           ^^^^^^^^^^^^^^^^^^^^^^^^^^^^^^^^^^
  File "/Users/Shivansh/Downloads/stma/project/pipelines/.venv/lib/python3.12/site-packages/requests/sessions.py", line 589, in request
    resp = self.send(prep, **send_kwargs)
           ^^^^^^^^^^^^^^^^^^^^^^^^^^^^^^
  File "/Users/Shivansh/Downloads/stma/project/pipelines/.venv/lib/python3.12/site-packages/requests/sessions.py", line 703, in send
    r = adapter.send(request, **kwargs)
        ^^^^^^^^^^^^^^^^^^^^^^^^^^^^^^^
  File "/Users/Shivansh/Downloads/stma/project/pipelines/.venv/lib/python3.12/site-packages/requests/adapters.py", line 690, in send
    raise ReadTimeout(e, request=request)
requests.exceptions.ReadTimeout: HTTPSConnectionPool(host='search.mediacloud.org', port=443): Read timed out. (read timeout=60)
2025-11-24 23:46:32,874 - Worker ThreadPoolExecutor-0_0 - ERROR - Worker 1 failed to query '"Nvidia" AND language:en': HTTPSConnectionPool(host='search.mediacloud.org', port=443): Read timed out. (read timeout=60)
Traceback (most recent call last):
  File "/Users/Shivansh/Downloads/stma/project/pipelines/.venv/lib/python3.12/site-packages/urllib3/connectionpool.py", line 534, in _make_request
    response = conn.getresponse()
               ^^^^^^^^^^^^^^^^^^
  File "/Users/Shivansh/Downloads/stma/project/pipelines/.venv/lib/python3.12/site-packages/urllib3/connection.py", line 565, in getresponse
    httplib_response = super().getresponse()
                       ^^^^^^^^^^^^^^^^^^^^^
  File "/Users/Shivansh/.pyenv/versions/3.12.12/lib/python3.12/http/client.py", line 1430, in getresponse
    response.begin()
  File "/Users/Shivansh/.pyenv/versions/3.12.12/lib/python3.12/http/client.py", line 331, in begin
    version, status, reason = self._read_status()
                              ^^^^^^^^^^^^^^^^^^^
  File "/Users/Shivansh/.pyenv/versions/3.12.12/lib/python3.12/http/client.py", line 292, in _read_status
    line = str(self.fp.readline(_MAXLINE + 1), "iso-8859-1")
               ^^^^^^^^^^^^^^^^^^^^^^^^^^^^^^
  File "/Users/Shivansh/.pyenv/versions/3.12.12/lib/python3.12/socket.py", line 720, in readinto
    return self._sock.recv_into(b)
           ^^^^^^^^^^^^^^^^^^^^^^^
  File "/Users/Shivansh/.pyenv/versions/3.12.12/lib/python3.12/ssl.py", line 1251, in recv_into
    return self.read(nbytes, buffer)
           ^^^^^^^^^^^^^^^^^^^^^^^^^
  File "/Users/Shivansh/.pyenv/versions/3.12.12/lib/python3.12/ssl.py", line 1103, in read
    return self._sslobj.read(len, buffer)
           ^^^^^^^^^^^^^^^^^^^^^^^^^^^^^^
TimeoutError: The read operation timed out

The above exception was the direct cause of the following exception:

Traceback (most recent call last):
  File "/Users/Shivansh/Downloads/stma/project/pipelines/.venv/lib/python3.12/site-packages/requests/adapters.py", line 644, in send
    resp = conn.urlopen(
           ^^^^^^^^^^^^^
  File "/Users/Shivansh/Downloads/stma/project/pipelines/.venv/lib/python3.12/site-packages/urllib3/connectionpool.py", line 841, in urlopen
    retries = retries.increment(
              ^^^^^^^^^^^^^^^^^^
  File "/Users/Shivansh/Downloads/stma/project/pipelines/.venv/lib/python3.12/site-packages/urllib3/util/retry.py", line 474, in increment
    raise reraise(type(error), error, _stacktrace)
          ^^^^^^^^^^^^^^^^^^^^^^^^^^^^^^^^^^^^^^^^
  File "/Users/Shivansh/Downloads/stma/project/pipelines/.venv/lib/python3.12/site-packages/urllib3/util/util.py", line 39, in reraise
    raise value
  File "/Users/Shivansh/Downloads/stma/project/pipelines/.venv/lib/python3.12/site-packages/urllib3/connectionpool.py", line 787, in urlopen
    response = self._make_request(
               ^^^^^^^^^^^^^^^^^^^
  File "/Users/Shivansh/Downloads/stma/project/pipelines/.venv/lib/python3.12/site-packages/urllib3/connectionpool.py", line 536, in _make_request
    self._raise_timeout(err=e, url=url, timeout_value=read_timeout)
  File "/Users/Shivansh/Downloads/stma/project/pipelines/.venv/lib/python3.12/site-packages/urllib3/connectionpool.py", line 367, in _raise_timeout
    raise ReadTimeoutError(
urllib3.exceptions.ReadTimeoutError: HTTPSConnectionPool(host='search.mediacloud.org', port=443): Read timed out. (read timeout=60)

During handling of the above exception, another exception occurred:

Traceback (most recent call last):
  File "/Users/Shivansh/Downloads/stma/project/pipelines/sp500_media_pipeline.py", line 120, in query_media_cloud
    page, pagination_token = search_api.story_list(
                             ^^^^^^^^^^^^^^^^^^^^^^
  File "/Users/Shivansh/Downloads/stma/project/pipelines/.venv/lib/python3.12/site-packages/mediacloud/api.py", line 189, in story_list
    results = self._query('search/story-list', params)
              ^^^^^^^^^^^^^^^^^^^^^^^^^^^^^^^^^^^^^^^^
  File "/Users/Shivansh/Downloads/stma/project/pipelines/.venv/lib/python3.12/site-packages/mediacloud/api.py", line 60, in _query
    r = self._session.get(endpoint_url, params=params, timeout=self.TIMEOUT_SECS)
        ^^^^^^^^^^^^^^^^^^^^^^^^^^^^^^^^^^^^^^^^^^^^^^^^^^^^^^^^^^^^^^^^^^^^^^^^^
  File "/Users/Shivansh/Downloads/stma/project/pipelines/.venv/lib/python3.12/site-packages/requests/sessions.py", line 602, in get
    return self.request("GET", url, **kwargs)
           ^^^^^^^^^^^^^^^^^^^^^^^^^^^^^^^^^^
  File "/Users/Shivansh/Downloads/stma/project/pipelines/.venv/lib/python3.12/site-packages/requests/sessions.py", line 589, in request
    resp = self.send(prep, **send_kwargs)
           ^^^^^^^^^^^^^^^^^^^^^^^^^^^^^^
  File "/Users/Shivansh/Downloads/stma/project/pipelines/.venv/lib/python3.12/site-packages/requests/sessions.py", line 703, in send
    r = adapter.send(request, **kwargs)
        ^^^^^^^^^^^^^^^^^^^^^^^^^^^^^^^
  File "/Users/Shivansh/Downloads/stma/project/pipelines/.venv/lib/python3.12/site-packages/requests/adapters.py", line 690, in send
    raise ReadTimeout(e, request=request)
requests.exceptions.ReadTimeout: HTTPSConnectionPool(host='search.mediacloud.org', port=443): Read timed out. (read timeout=60)
2025-11-24 23:50:02,382 - Worker ThreadPoolExecutor-0_0 - ERROR - Worker 1 failed to query '"Apple" AND language:en': ('Connection aborted.', RemoteDisconnected('Remote end closed connection without response'))
Traceback (most recent call last):
  File "/Users/Shivansh/Downloads/stma/project/pipelines/.venv/lib/python3.12/site-packages/urllib3/connectionpool.py", line 787, in urlopen
    response = self._make_request(
               ^^^^^^^^^^^^^^^^^^^
  File "/Users/Shivansh/Downloads/stma/project/pipelines/.venv/lib/python3.12/site-packages/urllib3/connectionpool.py", line 534, in _make_request
    response = conn.getresponse()
               ^^^^^^^^^^^^^^^^^^
  File "/Users/Shivansh/Downloads/stma/project/pipelines/.venv/lib/python3.12/site-packages/urllib3/connection.py", line 565, in getresponse
    httplib_response = super().getresponse()
                       ^^^^^^^^^^^^^^^^^^^^^
  File "/Users/Shivansh/.pyenv/versions/3.12.12/lib/python3.12/http/client.py", line 1430, in getresponse
    response.begin()
  File "/Users/Shivansh/.pyenv/versions/3.12.12/lib/python3.12/http/client.py", line 331, in begin
    version, status, reason = self._read_status()
                              ^^^^^^^^^^^^^^^^^^^
  File "/Users/Shivansh/.pyenv/versions/3.12.12/lib/python3.12/http/client.py", line 300, in _read_status
    raise RemoteDisconnected("Remote end closed connection without"
http.client.RemoteDisconnected: Remote end closed connection without response

During handling of the above exception, another exception occurred:

Traceback (most recent call last):
  File "/Users/Shivansh/Downloads/stma/project/pipelines/.venv/lib/python3.12/site-packages/requests/adapters.py", line 644, in send
    resp = conn.urlopen(
           ^^^^^^^^^^^^^
  File "/Users/Shivansh/Downloads/stma/project/pipelines/.venv/lib/python3.12/site-packages/urllib3/connectionpool.py", line 841, in urlopen
    retries = retries.increment(
              ^^^^^^^^^^^^^^^^^^
  File "/Users/Shivansh/Downloads/stma/project/pipelines/.venv/lib/python3.12/site-packages/urllib3/util/retry.py", line 474, in increment
    raise reraise(type(error), error, _stacktrace)
          ^^^^^^^^^^^^^^^^^^^^^^^^^^^^^^^^^^^^^^^^
  File "/Users/Shivansh/Downloads/stma/project/pipelines/.venv/lib/python3.12/site-packages/urllib3/util/util.py", line 38, in reraise
    raise value.with_traceback(tb)
  File "/Users/Shivansh/Downloads/stma/project/pipelines/.venv/lib/python3.12/site-packages/urllib3/connectionpool.py", line 787, in urlopen
    response = self._make_request(
               ^^^^^^^^^^^^^^^^^^^
  File "/Users/Shivansh/Downloads/stma/project/pipelines/.venv/lib/python3.12/site-packages/urllib3/connectionpool.py", line 534, in _make_request
    response = conn.getresponse()
               ^^^^^^^^^^^^^^^^^^
  File "/Users/Shivansh/Downloads/stma/project/pipelines/.venv/lib/python3.12/site-packages/urllib3/connection.py", line 565, in getresponse
    httplib_response = super().getresponse()
                       ^^^^^^^^^^^^^^^^^^^^^
  File "/Users/Shivansh/.pyenv/versions/3.12.12/lib/python3.12/http/client.py", line 1430, in getresponse
    response.begin()
  File "/Users/Shivansh/.pyenv/versions/3.12.12/lib/python3.12/http/client.py", line 331, in begin
    version, status, reason = self._read_status()
                              ^^^^^^^^^^^^^^^^^^^
  File "/Users/Shivansh/.pyenv/versions/3.12.12/lib/python3.12/http/client.py", line 300, in _read_status
    raise RemoteDisconnected("Remote end closed connection without"
urllib3.exceptions.ProtocolError: ('Connection aborted.', RemoteDisconnected('Remote end closed connection without response'))

During handling of the above exception, another exception occurred:

Traceback (most recent call last):
  File "/Users/Shivansh/Downloads/stma/project/pipelines/sp500_media_pipeline.py", line 120, in query_media_cloud
    page, pagination_token = search_api.story_list(
                             ^^^^^^^^^^^^^^^^^^^^^^
  File "/Users/Shivansh/Downloads/stma/project/pipelines/.venv/lib/python3.12/site-packages/mediacloud/api.py", line 189, in story_list
    results = self._query('search/story-list', params)
              ^^^^^^^^^^^^^^^^^^^^^^^^^^^^^^^^^^^^^^^^
  File "/Users/Shivansh/Downloads/stma/project/pipelines/.venv/lib/python3.12/site-packages/mediacloud/api.py", line 60, in _query
    r = self._session.get(endpoint_url, params=params, timeout=self.TIMEOUT_SECS)
        ^^^^^^^^^^^^^^^^^^^^^^^^^^^^^^^^^^^^^^^^^^^^^^^^^^^^^^^^^^^^^^^^^^^^^^^^^
  File "/Users/Shivansh/Downloads/stma/project/pipelines/.venv/lib/python3.12/site-packages/requests/sessions.py", line 602, in get
    return self.request("GET", url, **kwargs)
           ^^^^^^^^^^^^^^^^^^^^^^^^^^^^^^^^^^
  File "/Users/Shivansh/Downloads/stma/project/pipelines/.venv/lib/python3.12/site-packages/requests/sessions.py", line 589, in request
    resp = self.send(prep, **send_kwargs)
           ^^^^^^^^^^^^^^^^^^^^^^^^^^^^^^
  File "/Users/Shivansh/Downloads/stma/project/pipelines/.venv/lib/python3.12/site-packages/requests/sessions.py", line 703, in send
    r = adapter.send(request, **kwargs)
        ^^^^^^^^^^^^^^^^^^^^^^^^^^^^^^^
  File "/Users/Shivansh/Downloads/stma/project/pipelines/.venv/lib/python3.12/site-packages/requests/adapters.py", line 659, in send
    raise ConnectionError(err, request=request)
requests.exceptions.ConnectionError: ('Connection aborted.', RemoteDisconnected('Remote end closed connection without response'))
2025-11-24 23:50:02,482 - Worker ThreadPoolExecutor-0_1 - ERROR - Worker 2 failed to query '"FedEx" AND language:en': ('Connection aborted.', RemoteDisconnected('Remote end closed connection without response'))
Traceback (most recent call last):
  File "/Users/Shivansh/Downloads/stma/project/pipelines/.venv/lib/python3.12/site-packages/urllib3/connectionpool.py", line 787, in urlopen
    response = self._make_request(
               ^^^^^^^^^^^^^^^^^^^
  File "/Users/Shivansh/Downloads/stma/project/pipelines/.venv/lib/python3.12/site-packages/urllib3/connectionpool.py", line 534, in _make_request
    response = conn.getresponse()
               ^^^^^^^^^^^^^^^^^^
  File "/Users/Shivansh/Downloads/stma/project/pipelines/.venv/lib/python3.12/site-packages/urllib3/connection.py", line 565, in getresponse
    httplib_response = super().getresponse()
                       ^^^^^^^^^^^^^^^^^^^^^
  File "/Users/Shivansh/.pyenv/versions/3.12.12/lib/python3.12/http/client.py", line 1430, in getresponse
    response.begin()
  File "/Users/Shivansh/.pyenv/versions/3.12.12/lib/python3.12/http/client.py", line 331, in begin
    version, status, reason = self._read_status()
                              ^^^^^^^^^^^^^^^^^^^
  File "/Users/Shivansh/.pyenv/versions/3.12.12/lib/python3.12/http/client.py", line 300, in _read_status
    raise RemoteDisconnected("Remote end closed connection without"
http.client.RemoteDisconnected: Remote end closed connection without response

During handling of the above exception, another exception occurred:

Traceback (most recent call last):
  File "/Users/Shivansh/Downloads/stma/project/pipelines/.venv/lib/python3.12/site-packages/requests/adapters.py", line 644, in send
    resp = conn.urlopen(
           ^^^^^^^^^^^^^
  File "/Users/Shivansh/Downloads/stma/project/pipelines/.venv/lib/python3.12/site-packages/urllib3/connectionpool.py", line 841, in urlopen
    retries = retries.increment(
              ^^^^^^^^^^^^^^^^^^
  File "/Users/Shivansh/Downloads/stma/project/pipelines/.venv/lib/python3.12/site-packages/urllib3/util/retry.py", line 474, in increment
    raise reraise(type(error), error, _stacktrace)
          ^^^^^^^^^^^^^^^^^^^^^^^^^^^^^^^^^^^^^^^^
  File "/Users/Shivansh/Downloads/stma/project/pipelines/.venv/lib/python3.12/site-packages/urllib3/util/util.py", line 38, in reraise
    raise value.with_traceback(tb)
  File "/Users/Shivansh/Downloads/stma/project/pipelines/.venv/lib/python3.12/site-packages/urllib3/connectionpool.py", line 787, in urlopen
    response = self._make_request(
               ^^^^^^^^^^^^^^^^^^^
  File "/Users/Shivansh/Downloads/stma/project/pipelines/.venv/lib/python3.12/site-packages/urllib3/connectionpool.py", line 534, in _make_request
    response = conn.getresponse()
               ^^^^^^^^^^^^^^^^^^
  File "/Users/Shivansh/Downloads/stma/project/pipelines/.venv/lib/python3.12/site-packages/urllib3/connection.py", line 565, in getresponse
    httplib_response = super().getresponse()
                       ^^^^^^^^^^^^^^^^^^^^^
  File "/Users/Shivansh/.pyenv/versions/3.12.12/lib/python3.12/http/client.py", line 1430, in getresponse
    response.begin()
  File "/Users/Shivansh/.pyenv/versions/3.12.12/lib/python3.12/http/client.py", line 331, in begin
    version, status, reason = self._read_status()
                              ^^^^^^^^^^^^^^^^^^^
  File "/Users/Shivansh/.pyenv/versions/3.12.12/lib/python3.12/http/client.py", line 300, in _read_status
    raise RemoteDisconnected("Remote end closed connection without"
urllib3.exceptions.ProtocolError: ('Connection aborted.', RemoteDisconnected('Remote end closed connection without response'))

During handling of the above exception, another exception occurred:

Traceback (most recent call last):
  File "/Users/Shivansh/Downloads/stma/project/pipelines/sp500_media_pipeline.py", line 120, in query_media_cloud
    page, pagination_token = search_api.story_list(
                             ^^^^^^^^^^^^^^^^^^^^^^
  File "/Users/Shivansh/Downloads/stma/project/pipelines/.venv/lib/python3.12/site-packages/mediacloud/api.py", line 189, in story_list
    results = self._query('search/story-list', params)
              ^^^^^^^^^^^^^^^^^^^^^^^^^^^^^^^^^^^^^^^^
  File "/Users/Shivansh/Downloads/stma/project/pipelines/.venv/lib/python3.12/site-packages/mediacloud/api.py", line 60, in _query
    r = self._session.get(endpoint_url, params=params, timeout=self.TIMEOUT_SECS)
        ^^^^^^^^^^^^^^^^^^^^^^^^^^^^^^^^^^^^^^^^^^^^^^^^^^^^^^^^^^^^^^^^^^^^^^^^^
  File "/Users/Shivansh/Downloads/stma/project/pipelines/.venv/lib/python3.12/site-packages/requests/sessions.py", line 602, in get
    return self.request("GET", url, **kwargs)
           ^^^^^^^^^^^^^^^^^^^^^^^^^^^^^^^^^^
  File "/Users/Shivansh/Downloads/stma/project/pipelines/.venv/lib/python3.12/site-packages/requests/sessions.py", line 589, in request
    resp = self.send(prep, **send_kwargs)
           ^^^^^^^^^^^^^^^^^^^^^^^^^^^^^^
  File "/Users/Shivansh/Downloads/stma/project/pipelines/.venv/lib/python3.12/site-packages/requests/sessions.py", line 703, in send
    r = adapter.send(request, **kwargs)
        ^^^^^^^^^^^^^^^^^^^^^^^^^^^^^^^
  File "/Users/Shivansh/Downloads/stma/project/pipelines/.venv/lib/python3.12/site-packages/requests/adapters.py", line 659, in send
    raise ConnectionError(err, request=request)
requests.exceptions.ConnectionError: ('Connection aborted.', RemoteDisconnected('Remote end closed connection without response'))
